<?xml version="1.0" encoding="UTF-8"?>
<testng-results skipped="0" failed="0" ignored="0" total="1" passed="1">
  <reporter-output>
  </reporter-output>
  <suite name="Suite" duration-ms="27353" started-at="2021-02-25T03:49:48Z" finished-at="2021-02-25T03:50:15Z">
    <groups>
    </groups>
    <test name="Test" duration-ms="27353" started-at="2021-02-25T03:49:48Z" finished-at="2021-02-25T03:50:15Z">
      <class name="test.testcase1">
        <test-method status="PASS" signature="lunchBrowser()[pri:0, instance:test.testcase1@46daef40]" name="lunchBrowser" is-config="true" duration-ms="19974" started-at="2021-02-25T03:49:48Z" finished-at="2021-02-25T03:50:08Z">
          <reporter-output>
          </reporter-output>
        </test-method> <!-- lunchBrowser -->
        <test-method status="PASS" signature="Logintest()[pri:0, instance:test.testcase1@46daef40]" name="Logintest" duration-ms="7294" started-at="2021-02-25T03:50:08Z" finished-at="2021-02-25T03:50:15Z">
          <reporter-output>
          </reporter-output>
        </test-method> <!-- Logintest -->
        <test-method status="PASS" signature="CloseBrowser()[pri:0, instance:test.testcase1@46daef40]" name="CloseBrowser" is-config="true" duration-ms="68" started-at="2021-02-25T03:50:15Z" finished-at="2021-02-25T03:50:15Z">
          <reporter-output>
          </reporter-output>
        </test-method> <!-- CloseBrowser -->
      </class> <!-- test.testcase1 -->
    </test> <!-- Test -->
  </suite> <!-- Suite -->
</testng-results>
