<?xml version="1.0" encoding="UTF-8"?>
<testng-results skipped="0" failed="0" ignored="0" total="1" passed="1">
  <reporter-output>
  </reporter-output>
  <suite name="Default suite" duration-ms="10539" started-at="2021-02-25T04:05:46Z" finished-at="2021-02-25T04:05:56Z">
    <groups>
    </groups>
    <test name="Default test" duration-ms="10539" started-at="2021-02-25T04:05:46Z" finished-at="2021-02-25T04:05:56Z">
      <class name="test.testcase1">
        <test-method status="PASS" signature="lunchBrowser()[pri:0, instance:test.testcase1@4c762604]" name="lunchBrowser" is-config="true" duration-ms="3974" started-at="2021-02-25T04:05:46Z" finished-at="2021-02-25T04:05:50Z">
          <reporter-output>
          </reporter-output>
        </test-method> <!-- lunchBrowser -->
        <test-method status="PASS" signature="Logintest()[pri:0, instance:test.testcase1@4c762604]" name="Logintest" duration-ms="6473" started-at="2021-02-25T04:05:50Z" finished-at="2021-02-25T04:05:56Z">
          <reporter-output>
          </reporter-output>
        </test-method> <!-- Logintest -->
        <test-method status="PASS" signature="CloseBrowser()[pri:0, instance:test.testcase1@4c762604]" name="CloseBrowser" is-config="true" duration-ms="68" started-at="2021-02-25T04:05:56Z" finished-at="2021-02-25T04:05:56Z">
          <reporter-output>
          </reporter-output>
        </test-method> <!-- CloseBrowser -->
      </class> <!-- test.testcase1 -->
    </test> <!-- Default test -->
  </suite> <!-- Default suite -->
</testng-results>
